#
# A fatal error has been detected by the Java Runtime Environment:
#
#  EXCEPTION_ACCESS_VIOLATION (0xc0000005) at pc=0x00007fffba6a4879, pid=17364, tid=1092
#
# JRE version: OpenJDK Runtime Environment AdoptOpenJDK (14.0.2+12) (build 14.0.2+12)
# Java VM: OpenJDK 64-Bit Server VM AdoptOpenJDK (14.0.2+12, mixed mode, sharing, tiered, compressed oops, g1 gc, windows-amd64)
# Problematic frame:
# C  [javafx_font.dll+0x4879]
#
# No core dump will be written. Minidumps are not enabled by default on client versions of Windows
#
# If you would like to submit a bug report, please visit:
#   https://github.com/AdoptOpenJDK/openjdk-support/issues
# The crash happened outside the Java Virtual Machine in native code.
# See problematic frame for where to report the bug.
#

---------------  S U M M A R Y ------------

Command Line: -javaagent:C:\\Users\\larst\\.m2\\repository\\org\\jacoco\\org.jacoco.agent\\0.8.5\\org.jacoco.agent-0.8.5-runtime.jar=destfile=C:\\Users\\larst\\Documents\\IT1901\\gr2010\\gazelleFX\\target\\jacoco.exec -Djava.awt.headless=true -Dtestfx.robot=glass -Dtestfx.headless=true -Dprism.order=sw C:\Users\larst\AppData\Local\Temp\surefire11634850618553262678\surefirebooter11027158699442862967.jar C:\Users\larst\AppData\Local\Temp\surefire11634850618553262678 2020-11-19T23-25-35_348-jvmRun1 surefire2418844825187007236tmp surefire_211279706534520064580tmp

Host: Intel(R) Core(TM) i5-6300U CPU @ 2.40GHz, 4 cores, 7G,  Windows 10 , 64 bit Build 19041 (10.0.19041.546)
Time: Thu Nov 19 23:27:26 2020 Vest-Europa (normaltid) elapsed time: 10 seconds (0d 0h 0m 10s)

---------------  T H R E A D  ---------------

Current thread (0x0000026f5610e800):  JavaThread "QuantumRenderer-0" daemon [_thread_in_native, id=1092, stack(0x0000009a81100000,0x0000009a81200000)]

Stack: [0x0000009a81100000,0x0000009a81200000],  sp=0x0000009a811fca40,  free space=1010k
Native frames: (J=compiled Java code, j=interpreted, Vv=VM code, C=native code)
C  [javafx_font.dll+0x4879]

Java frames: (J=compiled Java code, j=interpreted, Vv=VM code)
j  com.sun.javafx.font.directwrite.OS.CreateBitmap(JIIII)J+0
j  com.sun.javafx.font.directwrite.IWICImagingFactory.CreateBitmap(IIII)Lcom/sun/javafx/font/directwrite/IWICBitmap;+16
j  com.sun.javafx.font.directwrite.DWGlyph.createBitmap(II)Lcom/sun/javafx/font/directwrite/IWICBitmap;+24
j  com.sun.javafx.font.directwrite.DWGlyph.getCachedBitmap()Lcom/sun/javafx/font/directwrite/IWICBitmap;+33
j  com.sun.javafx.font.directwrite.DWGlyph.getD2DMask(FFZ)[B+197
j  com.sun.javafx.font.directwrite.DWGlyph.getPixelData(I)[B+163
j  com.sun.prism.sw.SWGraphics.drawGlyph(Lcom/sun/javafx/font/FontStrike;Lcom/sun/javafx/scene/text/GlyphList;ILcom/sun/javafx/geom/transform/BaseTransform;ZFF)V+121
j  com.sun.prism.sw.SWGraphics.drawString(Lcom/sun/javafx/scene/text/GlyphList;Lcom/sun/javafx/font/FontStrike;FFLcom/sun/prism/paint/Color;II)V+664
j  com.sun.javafx.sg.prism.NGText.renderText(Lcom/sun/prism/Graphics;Lcom/sun/javafx/font/FontStrike;Lcom/sun/javafx/geom/BaseBounds;Lcom/sun/prism/paint/Color;I)V+333
j  com.sun.javafx.sg.prism.NGText.renderContent2D(Lcom/sun/prism/Graphics;Z)V+440
j  com.sun.javafx.sg.prism.NGShape.renderContent(Lcom/sun/prism/Graphics;)V+687
j  com.sun.javafx.sg.prism.NGNode.doRender(Lcom/sun/prism/Graphics;)V+662
j  com.sun.javafx.sg.prism.NGNode.render(Lcom/sun/prism/Graphics;)V+83
j  com.sun.javafx.sg.prism.NGGroup.renderContent(Lcom/sun/prism/Graphics;)V+267
j  com.sun.javafx.sg.prism.NGRegion.renderContent(Lcom/sun/prism/Graphics;)V+220
j  com.sun.javafx.sg.prism.NGNode.doRender(Lcom/sun/prism/Graphics;)V+662
j  com.sun.javafx.sg.prism.NGNode.render(Lcom/sun/prism/Graphics;)V+83
j  com.sun.javafx.sg.prism.NGGroup.renderContent(Lcom/sun/prism/Graphics;)V+267
j  com.sun.javafx.sg.prism.NGRegion.renderContent(Lcom/sun/prism/Graphics;)V+220
j  com.sun.javafx.sg.prism.NGNode.doRender(Lcom/sun/prism/Graphics;)V+662
j  com.sun.javafx.sg.prism.NGNode.render(Lcom/sun/prism/Graphics;)V+83
j  com.sun.javafx.sg.prism.NGGroup.renderContent(Lcom/sun/prism/Graphics;)V+267
j  com.sun.javafx.sg.prism.NGRegion.renderContent(Lcom/sun/prism/Graphics;)V+220
j  com.sun.javafx.sg.prism.NGNode.doRender(Lcom/sun/prism/Graphics;)V+662
j  com.sun.javafx.sg.prism.NGNode.render(Lcom/sun/prism/Graphics;)V+83
j  com.sun.javafx.sg.prism.NGGroup.renderContent(Lcom/sun/prism/Graphics;)V+267
j  com.sun.javafx.sg.prism.NGRegion.renderContent(Lcom/sun/prism/Graphics;)V+220
j  com.sun.javafx.sg.prism.NGNode.renderForClip(Lcom/sun/prism/Graphics;)V+36
j  com.sun.javafx.sg.prism.NGNode.renderRectClip(Lcom/sun/prism/Graphics;Lcom/sun/javafx/sg/prism/NGRectangle;)V+224
j  com.sun.javafx.sg.prism.NGNode.renderClip(Lcom/sun/prism/Graphics;)V+164
j  com.sun.javafx.sg.prism.CacheFilter.renderNodeToCache(Lcom/sun/scenario/effect/ImageData;Lcom/sun/javafx/geom/Rectangle;Lcom/sun/javafx/geom/transform/BaseTransform;Lcom/sun/javafx/geom/Rectangle;)V+279
j  com.sun.javafx.sg.prism.CacheFilter.render(Lcom/sun/prism/Graphics;)V+589
j  com.sun.javafx.sg.prism.NGNode.renderCached(Lcom/sun/prism/Graphics;)V+71
j  com.sun.javafx.sg.prism.NGNode.doRender(Lcom/sun/prism/Graphics;)V+517
j  com.sun.javafx.sg.prism.NGNode.render(Lcom/sun/prism/Graphics;)V+83
j  com.sun.javafx.sg.prism.NGGroup.renderContent(Lcom/sun/prism/Graphics;)V+267
j  com.sun.javafx.sg.prism.NGRegion.renderContent(Lcom/sun/prism/Graphics;)V+220
j  com.sun.javafx.sg.prism.NGNode.doRender(Lcom/sun/prism/Graphics;)V+662
j  com.sun.javafx.sg.prism.NGNode.render(Lcom/sun/prism/Graphics;)V+83
j  com.sun.javafx.sg.prism.NGGroup.renderContent(Lcom/sun/prism/Graphics;)V+267
j  com.sun.javafx.sg.prism.NGRegion.renderContent(Lcom/sun/prism/Graphics;)V+220
j  com.sun.javafx.sg.prism.NGNode.doRender(Lcom/sun/prism/Graphics;)V+662
j  com.sun.javafx.sg.prism.NGNode.render(Lcom/sun/prism/Graphics;)V+83
j  com.sun.javafx.tk.quantum.ViewPainter.doPaint(Lcom/sun/prism/Graphics;Lcom/sun/javafx/sg/prism/NodePath;)V+389
j  com.sun.javafx.tk.quantum.ViewPainter.paintImpl(Lcom/sun/prism/Graphics;)V+1631
j  com.sun.javafx.tk.quantum.UploadingPainter.run()V+1345
j  java.util.concurrent.Executors$RunnableAdapter.call()Ljava/lang/Object;+4 java.base@14.0.2
j  java.util.concurrent.FutureTask.runAndReset()Z+44 java.base@14.0.2
j  com.sun.javafx.tk.RenderJob.run()V+7
j  java.util.concurrent.ThreadPoolExecutor.runWorker(Ljava/util/concurrent/ThreadPoolExecutor$Worker;)V+92 java.base@14.0.2
j  java.util.concurrent.ThreadPoolExecutor$Worker.run()V+5 java.base@14.0.2
j  com.sun.javafx.tk.quantum.QuantumRenderer$PipelineRunnable.run()V+19
j  java.lang.Thread.run()V+11 java.base@14.0.2
v  ~StubRoutines::call_stub

siginfo: EXCEPTION_ACCESS_VIOLATION (0xc0000005), reading address 0x00007fffcd2ac780


Register to memory mapping:

RIP=0x00007fffba6a4879 javafx_font.dll
RAX=0x0000000000000001 is an unknown value
RBX=0x0 is NULL
RCX=0x0000026f34adcff0 points into unknown readable memory: f8 c6 2a cd ff 7f 00 00
RDX=0x0000000000000100 is an unknown value
RSP=0x0000009a811fca40 is pointing into the stack for thread: 0x0000026f5610e800
RBP=0x0000009a811fcb40 is pointing into the stack for thread: 0x0000026f5610e800
RSI=0x0 is NULL
RDI=0x0000000000000100 is an unknown value
R8 =0x0000000000000100 is an unknown value
R9 =0x0000009a811fca78 is pointing into the stack for thread: 0x0000026f5610e800
R10=0x00007fffcd2ac6f8 is an unknown value
R11=0x0000026f34adcff0 points into unknown readable memory: f8 c6 2a cd ff 7f 00 00
R12=0x0 is NULL
R13={method} {0x0000026f628baf80} 'CreateBitmap' '(JIIII)J' in 'com/sun/javafx/font/directwrite/OS'
R14=0x0000009a811fcb88 is pointing into the stack for thread: 0x0000026f5610e800
R15=0x0000026f5610e800 is a thread


Registers:
RAX=0x0000000000000001, RBX=0x0000000000000000, RCX=0x0000026f34adcff0, RDX=0x0000000000000100
RSP=0x0000009a811fca40, RBP=0x0000009a811fcb40, RSI=0x0000000000000000, RDI=0x0000000000000100
R8 =0x0000000000000100, R9 =0x0000009a811fca78, R10=0x00007fffcd2ac6f8, R11=0x0000026f34adcff0
R12=0x0000000000000000, R13=0x0000026f628baf78, R14=0x0000009a811fcb88, R15=0x0000026f5610e800
RIP=0x00007fffba6a4879, EFLAGS=0x0000000000010206

Top of Stack: (sp=0x0000009a811fca40)
0x0000009a811fca40:   0000000014aaaad7 0000026f3f6c0133
0x0000009a811fca50:   0000026f628baf78 0000026f5610e800
0x0000009a811fca60:   0000026f00000001 0000009a811fca70
0x0000009a811fca70:   0000000000000000 4bfe4e036fddc324
0x0000009a811fca80:   10c98d76773d85b1 0000c016843e1ce3
0x0000009a811fca90:   0000026f3f669c90 0000026f3f66f417
0x0000009a811fcaa0:   0000026f628baf78 00007fff990868c9
0x0000009a811fcab0:   0000026f628baf78 00007fff9908685f
0x0000009a811fcac0:   0000026f00000100 0000026f00000008
0x0000009a811fcad0:   0000026f00000001 0000000000000000
0x0000009a811fcae0:   0000026f3f669c90 00007fff9907fefc
0x0000009a811fcaf0:   0000026f3f66f0b6 0000009a811fcaf8
0x0000009a811fcb00:   0000026f628baf78 0000009a811fcb88
0x0000009a811fcb10:   0000026f628bb918 0000000000000000
0x0000009a811fcb20:   00000000837516d0 0000026f628baf78
0x0000009a811fcb30:   0000000000000000 0000009a811fcb60 

Instructions: (pc=0x00007fffba6a4879)
0x00007fffba6a4779:   eb 02 33 c0 48 8b 4c 24 40 48 33 cc e8 76 45 00
0x00007fffba6a4789:   00 48 83 c4 50 41 5f 41 5e 5f 5e 5b c3 cc cc cc
0x00007fffba6a4799:   cc cc cc cc cc cc cc 48 89 5c 24 08 57 48 83 ec
0x00007fffba6a47a9:   50 48 8b 05 4f b8 00 00 48 33 c4 48 89 44 24 48
0x00007fffba6a47b9:   8b 84 24 88 00 00 00 33 db ff c8 48 89 5c 24 30
0x00007fffba6a47c9:   41 8b f9 4d 8b d8 83 f8 0a 77 7b 48 8d 15 25 b8
0x00007fffba6a47d9:   ff ff 48 98 8b 8c 82 a4 48 00 00 48 03 ca ff e1
0x00007fffba6a47e9:   0f 10 05 d0 79 00 00 eb 58 0f 10 05 d7 79 00 00
0x00007fffba6a47f9:   eb 4f 0f 10 05 de 79 00 00 eb 46 0f 10 05 f5 79
0x00007fffba6a4809:   00 00 eb 3d 0f 10 05 dc 79 00 00 eb 34 0f 10 05
0x00007fffba6a4819:   f3 79 00 00 eb 2b 0f 10 05 fa 79 00 00 eb 22 0f
0x00007fffba6a4829:   10 05 01 7a 00 00 eb 19 0f 10 05 08 7a 00 00 eb
0x00007fffba6a4839:   10 0f 10 05 0f 7a 00 00 eb 07 0f 10 05 16 7a 00
0x00007fffba6a4849:   00 0f 11 44 24 38 4d 8b 10 48 8d 44 24 30 44 8b
0x00007fffba6a4859:   84 24 80 00 00 00 4c 8d 4c 24 38 48 89 44 24 28
0x00007fffba6a4869:   8b d7 8b 84 24 90 00 00 00 49 8b cb 89 44 24 20
0x00007fffba6a4879:   41 ff 92 88 00 00 00 85 c0 48 0f 49 5c 24 30 48
0x00007fffba6a4889:   8b c3 48 8b 4c 24 48 48 33 cc e8 68 44 00 00 48
0x00007fffba6a4899:   8b 5c 24 60 48 83 c4 50 5f c3 90 e9 47 00 00 f2
0x00007fffba6a48a9:   47 00 00 fb 47 00 00 04 48 00 00 0d 48 00 00 16
0x00007fffba6a48b9:   48 00 00 1f 48 00 00 28 48 00 00 31 48 00 00 3a
0x00007fffba6a48c9:   48 00 00 43 48 00 00 40 53 48 83 ec 20 49 8b 00
0x00007fffba6a48d9:   48 8d 54 24 40 33 db 49 8b c8 48 89 5c 24 40 ff
0x00007fffba6a48e9:   50 68 85 c0 48 0f 49 5c 24 40 48 8b c3 48 83 c4
0x00007fffba6a48f9:   20 5b c3 cc cc cc cc 48 89 5c 24 08 57 48 83 ec
0x00007fffba6a4909:   40 48 8b 44 24 70 33 ff 4d 8b 10 41 8b d1 48 89
0x00007fffba6a4919:   44 24 70 4c 8d 4c 24 70 48 8d 44 24 60 48 89 7c
0x00007fffba6a4929:   24 60 48 89 44 24 30 49 8b c8 8b 84 24 80 00 00
0x00007fffba6a4939:   00 44 8d 47 01 89 44 24 28 8b 44 24 78 89 44 24
0x00007fffba6a4949:   20 41 ff 52 48 48 8b 5c 24 50 85 c0 48 0f 49 7c
0x00007fffba6a4959:   24 60 48 8b c7 48 83 c4 40 5f c3 cc cc cc cc cc
0x00007fffba6a4969:   cc cc cc cc cc cc cc 48 89 5c 24 08 48 89 6c 24 


Stack slot to memory mapping:
stack at sp + 0 slots: 0x0000000014aaaad7 is an unknown value
stack at sp + 1 slots: 0x0000026f3f6c0133 is at code_begin+4403 in 
[CodeBlob (0x0000026f3f6bef90)]
Framesize: 0
BufferBlob (0x0000026f3f6bef90) used for native signature handlers
stack at sp + 2 slots: {method} {0x0000026f628baf80} 'CreateBitmap' '(JIIII)J' in 'com/sun/javafx/font/directwrite/OS'
stack at sp + 3 slots: 0x0000026f5610e800 is a thread
stack at sp + 4 slots: 0x0000026f00000001 is an unknown value
stack at sp + 5 slots: 0x0000009a811fca70 is pointing into the stack for thread: 0x0000026f5610e800
stack at sp + 6 slots: 0x0 is NULL
stack at sp + 7 slots: 0x4bfe4e036fddc324 is an unknown value


---------------  P R O C E S S  ---------------

Threads class SMR info:
_java_thread_list=0x0000026f58f3cca0, length=38, elements={
0x0000026f36be5000, 0x0000026f556b8800, 0x0000026f556bb800, 0x0000026f556d4800,
0x0000026f556d5800, 0x0000026f556d8000, 0x0000026f556e5000, 0x0000026f556f2000,
0x0000026f556fd000, 0x0000026f5610d000, 0x0000026f56111000, 0x0000026f5610d800,
0x0000026f5610b000, 0x0000026f56111800, 0x0000026f5610e800, 0x0000026f5610f000,
0x0000026f5610c000, 0x0000026f56110000, 0x0000026f5ae8c000, 0x0000026f5ae8d000,
0x0000026f5ae8e800, 0x0000026f5ae8a800, 0x0000026f5ae89800, 0x0000026f5ae8e000,
0x0000026f5ae89000, 0x0000026f5ae91000, 0x0000026f5ae8f800, 0x0000026f5ae95000,
0x0000026f5ae96000, 0x0000026f5ae92800, 0x0000026f5ae93800, 0x0000026f5ae94800,
0x0000026f5ae90000, 0x0000026f5ae97000, 0x0000026f5ae97800, 0x0000026f5ae92000,
0x0000026f5621e800, 0x0000026f57205800
}

Java Threads: ( => current thread )
  0x0000026f36be5000 JavaThread "main" [_thread_blocked, id=8520, stack(0x0000009aff900000,0x0000009affa00000)]
  0x0000026f556b8800 JavaThread "Reference Handler" daemon [_thread_blocked, id=9180, stack(0x0000009a80000000,0x0000009a80100000)]
  0x0000026f556bb800 JavaThread "Finalizer" daemon [_thread_blocked, id=15904, stack(0x0000009a80100000,0x0000009a80200000)]
  0x0000026f556d4800 JavaThread "Signal Dispatcher" daemon [_thread_blocked, id=16048, stack(0x0000009a80200000,0x0000009a80300000)]
  0x0000026f556d5800 JavaThread "Attach Listener" daemon [_thread_blocked, id=13108, stack(0x0000009a80300000,0x0000009a80400000)]
  0x0000026f556d8000 JavaThread "Service Thread" daemon [_thread_blocked, id=1060, stack(0x0000009a80400000,0x0000009a80500000)]
  0x0000026f556e5000 JavaThread "C2 CompilerThread0" daemon [_thread_blocked, id=14904, stack(0x0000009a80500000,0x0000009a80600000)]
  0x0000026f556f2000 JavaThread "C1 CompilerThread0" daemon [_thread_blocked, id=19964, stack(0x0000009a80600000,0x0000009a80700000)]
  0x0000026f556fd000 JavaThread "Sweeper thread" daemon [_thread_blocked, id=19792, stack(0x0000009a80700000,0x0000009a80800000)]
  0x0000026f5610d000 JavaThread "Common-Cleaner" daemon [_thread_blocked, id=20204, stack(0x0000009a80800000,0x0000009a80900000)]
  0x0000026f56111000 JavaThread "Notification Thread" daemon [_thread_blocked, id=13500, stack(0x0000009a80c00000,0x0000009a80d00000)]
  0x0000026f5610d800 JavaThread "surefire-forkedjvm-command-thread" daemon [_thread_in_native, id=18728, stack(0x0000009a80e00000,0x0000009a80f00000)]
  0x0000026f5610b000 JavaThread "testfx-async-pool-thread-1" daemon [_thread_blocked, id=20044, stack(0x0000009a80f00000,0x0000009a81000000)]
  0x0000026f56111800 JavaThread "JavaFX-Launcher" daemon [_thread_blocked, id=11024, stack(0x0000009a81000000,0x0000009a81100000)]
=>0x0000026f5610e800 JavaThread "QuantumRenderer-0" daemon [_thread_in_native, id=1092, stack(0x0000009a81100000,0x0000009a81200000)]
  0x0000026f5610f000 JavaThread "JavaFX Application Thread" daemon [_thread_blocked, id=2268, stack(0x0000009a81200000,0x0000009a81300000)]
  0x0000026f5610c000 JavaThread "Timer-0" daemon [_thread_blocked, id=8752, stack(0x0000009a81300000,0x0000009a81400000)]
  0x0000026f56110000 JavaThread "testfx-async-pool-thread-2" daemon [_thread_blocked, id=17876, stack(0x0000009a81400000,0x0000009a81500000)]
  0x0000026f5ae8c000 JavaThread "MockServer-EventLog0" daemon [_thread_blocked, id=14584, stack(0x0000009a81500000,0x0000009a81600000)]
  0x0000026f5ae8d000 JavaThread "MockServer-MockServer thread for port: 80881" [_thread_blocked, id=14884, stack(0x0000009a81600000,0x0000009a81700000)]
  0x0000026f5ae8e800 JavaThread "MockServer-MockServer-bossEventLoop2" daemon [_thread_in_native, id=19668, stack(0x0000009a81800000,0x0000009a81900000)]
  0x0000026f5ae8a800 JavaThread "MockServer-Scheduler3" daemon [_thread_blocked, id=10176, stack(0x0000009a81900000,0x0000009a81a00000)]
  0x0000026f5ae89800 JavaThread "MockServer-ClientAndServer-eventLoop4" daemon [_thread_in_native, id=9832, stack(0x0000009a81a00000,0x0000009a81b00000)]
  0x0000026f5ae8e000 JavaThread "MockServer-MockServer-workerEventLoop5" daemon [_thread_in_native, id=15020, stack(0x0000009a81c00000,0x0000009a81d00000)]
  0x0000026f5ae89000 JavaThread "pool-4-thread-1" daemon [_thread_blocked, id=4440, stack(0x0000009a81d00000,0x0000009a81e00000)]
  0x0000026f5ae91000 JavaThread "pool-4-thread-2" daemon [_thread_blocked, id=224, stack(0x0000009a81e00000,0x0000009a81f00000)]
  0x0000026f5ae8f800 JavaThread "pool-4-thread-3" daemon [_thread_blocked, id=9816, stack(0x0000009a81f00000,0x0000009a82000000)]
  0x0000026f5ae95000 JavaThread "pool-4-thread-4" daemon [_thread_blocked, id=17872, stack(0x0000009a82000000,0x0000009a82100000)]
  0x0000026f5ae96000 JavaThread "pool-4-thread-5" daemon [_thread_blocked, id=18876, stack(0x0000009a82100000,0x0000009a82200000)]
  0x0000026f5ae92800 JavaThread "pool-4-thread-6" daemon [_thread_blocked, id=19656, stack(0x0000009a82200000,0x0000009a82300000)]
  0x0000026f5ae93800 JavaThread "MockServer-Scheduler6" daemon [_thread_blocked, id=5980, stack(0x0000009a82300000,0x0000009a82400000)]
  0x0000026f5ae94800 JavaThread "MockServer-Scheduler7" daemon [_thread_blocked, id=5884, stack(0x0000009a82400000,0x0000009a82500000)]
  0x0000026f5ae90000 JavaThread "MockServer-ClientAndServer-eventLoop8" daemon [_thread_in_native, id=14848, stack(0x0000009a82500000,0x0000009a82600000)]
  0x0000026f5ae97000 JavaThread "MockServer-MockServer-workerEventLoop9" daemon [_thread_in_native, id=14412, stack(0x0000009a82600000,0x0000009a82700000)]
  0x0000026f5ae97800 JavaThread "MockServer-Scheduler10" daemon [_thread_blocked, id=1084, stack(0x0000009a82700000,0x0000009a82800000)]
  0x0000026f5ae92000 JavaThread "MockServer-Scheduler11" daemon [_thread_blocked, id=2764, stack(0x0000009a82800000,0x0000009a82900000)]
  0x0000026f5621e800 JavaThread "Prism Font Disposer" daemon [_thread_blocked, id=18280, stack(0x0000009a82900000,0x0000009a82a00000)]
  0x0000026f57205800 JavaThread "C2 CompilerThread1" daemon [_thread_blocked, id=15220, stack(0x0000009a80900000,0x0000009a80a00000)]

Other Threads:
  0x0000026f556b4000 VMThread "VM Thread" [stack: 0x0000009afff00000,0x0000009b00000000] [id=7892]
  0x0000026f563ab000 WatcherThread [stack: 0x0000009a80d00000,0x0000009a80e00000] [id=9076]
  0x0000026f36c28000 GCTaskThread "GC Thread#0" [stack: 0x0000009affa00000,0x0000009affb00000] [id=17636]
  0x0000026f568bf000 GCTaskThread "GC Thread#1" [stack: 0x0000009a80a00000,0x0000009a80b00000] [id=8200]
  0x0000026f568c0000 GCTaskThread "GC Thread#2" [stack: 0x0000009a80b00000,0x0000009a80c00000] [id=21248]
  0x0000026f5b38e800 GCTaskThread "GC Thread#3" [stack: 0x0000009a81700000,0x0000009a81800000] [id=19312]
  0x0000026f36c39800 ConcurrentGCThread "G1 Main Marker" [stack: 0x0000009affb00000,0x0000009affc00000] [id=17700]
  0x0000026f36c3b000 ConcurrentGCThread "G1 Conc#0" [stack: 0x0000009affc00000,0x0000009affd00000] [id=20096]
  0x0000026f36cb9800 ConcurrentGCThread "G1 Refine#0" [stack: 0x0000009affd00000,0x0000009affe00000] [id=4588]
  0x0000026f55530800 ConcurrentGCThread "G1 Young RemSet Sampling" [stack: 0x0000009affe00000,0x0000009afff00000] [id=19256]

Threads with active compile tasks:

VM state:not at safepoint (normal execution)

VM Mutex/Monitor currently owned by a thread: None

Heap address: 0x0000000081200000, size: 2030 MB, Compressed Oops mode: 32-bit
Narrow klass base: 0x0000000800000000, Narrow klass shift: 3
Compressed class space size: 1073741824 Address: 0x0000000800b30000

Heap:
 garbage-first heap   total 89088K, used 58561K [0x0000000081200000, 0x0000000100000000)
  region size 1024K, 30 young (30720K), 4 survivors (4096K)
 Metaspace       used 49897K, capacity 51340K, committed 51584K, reserved 1093632K
  class space    used 5798K, capacity 6469K, committed 6528K, reserved 1048576K
Heap Regions: E=young(eden), S=young(survivor), O=old, HS=humongous(starts), HC=humongous(continues), CS=collection set, F=free, OA=open archive, CA=closed archive, TAMS=top-at-mark-start (previous, next)
|   0|0x0000000081200000, 0x0000000081300000, 0x0000000081300000|100%| O|  |TAMS 0x0000000081300000, 0x0000000081200000| Untracked 
|   1|0x0000000081300000, 0x0000000081400000, 0x0000000081400000|100%| O|  |TAMS 0x0000000081400000, 0x0000000081300000| Untracked 
|   2|0x0000000081400000, 0x0000000081500000, 0x0000000081500000|100%| O|  |TAMS 0x0000000081500000, 0x0000000081400000| Untracked 
|   3|0x0000000081500000, 0x0000000081600000, 0x0000000081600000|100%| O|  |TAMS 0x0000000081600000, 0x0000000081500000| Untracked 
|   4|0x0000000081600000, 0x00000000816b5e00, 0x0000000081700000| 71%| O|  |TAMS 0x00000000816b5e00, 0x0000000081600000| Untracked 
|   5|0x0000000081700000, 0x0000000081800000, 0x0000000081800000|100%|HS|  |TAMS 0x0000000081800000, 0x0000000081700000| Complete 
|   6|0x0000000081800000, 0x0000000081900000, 0x0000000081900000|100%|HC|  |TAMS 0x0000000081900000, 0x0000000081800000| Complete 
|   7|0x0000000081900000, 0x0000000081a00000, 0x0000000081a00000|100%|HC|  |TAMS 0x0000000081a00000, 0x0000000081900000| Complete 
|   8|0x0000000081a00000, 0x0000000081b00000, 0x0000000081b00000|100%|HC|  |TAMS 0x0000000081b00000, 0x0000000081a00000| Complete 
|   9|0x0000000081b00000, 0x0000000081c00000, 0x0000000081c00000|100%| O|  |TAMS 0x0000000081c00000, 0x0000000081b00000| Untracked 
|  10|0x0000000081c00000, 0x0000000081d00000, 0x0000000081d00000|100%| O|  |TAMS 0x0000000081d00000, 0x0000000081c00000| Untracked 
|  11|0x0000000081d00000, 0x0000000081e00000, 0x0000000081e00000|100%| O|  |TAMS 0x0000000081e00000, 0x0000000081d00000| Untracked 
|  12|0x0000000081e00000, 0x0000000081f00000, 0x0000000081f00000|100%| O|  |TAMS 0x0000000081f00000, 0x0000000081e00000| Untracked 
|  13|0x0000000081f00000, 0x0000000082000000, 0x0000000082000000|100%| O|  |TAMS 0x0000000082000000, 0x0000000081f00000| Untracked 
|  14|0x0000000082000000, 0x0000000082100000, 0x0000000082100000|100%| O|  |TAMS 0x0000000082100000, 0x0000000082000000| Untracked 
|  15|0x0000000082100000, 0x0000000082200000, 0x0000000082200000|100%| O|  |TAMS 0x000000008219fa00, 0x0000000082100000| Untracked 
|  16|0x0000000082200000, 0x0000000082300000, 0x0000000082300000|100%|HS|  |TAMS 0x0000000082200000, 0x0000000082200000| Complete 
|  17|0x0000000082300000, 0x0000000082400000, 0x0000000082400000|100%| O|  |TAMS 0x0000000082300000, 0x0000000082300000| Untracked 
|  18|0x0000000082400000, 0x0000000082500000, 0x0000000082500000|100%|HS|  |TAMS 0x0000000082400000, 0x0000000082400000| Complete 
|  19|0x0000000082500000, 0x0000000082600000, 0x0000000082600000|100%|HC|  |TAMS 0x0000000082500000, 0x0000000082500000| Complete 
|  20|0x0000000082600000, 0x0000000082700000, 0x0000000082700000|100%|HC|  |TAMS 0x0000000082600000, 0x0000000082600000| Complete 
|  21|0x0000000082700000, 0x0000000082800000, 0x0000000082800000|100%| O|  |TAMS 0x0000000082700000, 0x0000000082700000| Untracked 
|  22|0x0000000082800000, 0x0000000082900000, 0x0000000082900000|100%| O|  |TAMS 0x0000000082800000, 0x0000000082800000| Untracked 
|  23|0x0000000082900000, 0x000000008297a800, 0x0000000082a00000| 47%| O|  |TAMS 0x0000000082900000, 0x0000000082900000| Untracked 
|  24|0x0000000082a00000, 0x0000000082b00000, 0x0000000082b00000|100%|HS|  |TAMS 0x0000000082a00000, 0x0000000082a00000| Complete 
|  25|0x0000000082b00000, 0x0000000082c00000, 0x0000000082c00000|100%|HC|  |TAMS 0x0000000082b00000, 0x0000000082b00000| Complete 
|  26|0x0000000082c00000, 0x0000000082d00000, 0x0000000082d00000|100%|HC|  |TAMS 0x0000000082c00000, 0x0000000082c00000| Complete 
|  27|0x0000000082d00000, 0x0000000082e00000, 0x0000000082e00000|100%|HS|  |TAMS 0x0000000082d00000, 0x0000000082d00000| Complete 
|  28|0x0000000082e00000, 0x0000000082f00000, 0x0000000082f00000|100%|HC|  |TAMS 0x0000000082e00000, 0x0000000082e00000| Complete 
|  29|0x0000000082f00000, 0x0000000082f00000, 0x0000000083000000|  0%| F|  |TAMS 0x0000000082f00000, 0x0000000082f00000| Untracked 
|  30|0x0000000083000000, 0x0000000083000000, 0x0000000083100000|  0%| F|  |TAMS 0x0000000083000000, 0x0000000083000000| Untracked 
|  31|0x0000000083100000, 0x0000000083100000, 0x0000000083200000|  0%| F|  |TAMS 0x0000000083100000, 0x0000000083100000| Untracked 
|  32|0x0000000083200000, 0x0000000083200000, 0x0000000083300000|  0%| F|  |TAMS 0x0000000083200000, 0x0000000083200000| Untracked 
|  33|0x0000000083300000, 0x0000000083300000, 0x0000000083400000|  0%| F|  |TAMS 0x0000000083300000, 0x0000000083300000| Untracked 
|  34|0x0000000083400000, 0x0000000083400000, 0x0000000083500000|  0%| F|  |TAMS 0x0000000083400000, 0x0000000083400000| Untracked 
|  35|0x0000000083500000, 0x0000000083500000, 0x0000000083600000|  0%| F|  |TAMS 0x0000000083500000, 0x0000000083500000| Untracked 
|  36|0x0000000083600000, 0x0000000083600000, 0x0000000083700000|  0%| F|  |TAMS 0x0000000083600000, 0x0000000083600000| Untracked 
|  37|0x0000000083700000, 0x0000000083800000, 0x0000000083800000|100%| S|CS|TAMS 0x0000000083700000, 0x0000000083700000| Complete 
|  38|0x0000000083800000, 0x0000000083900000, 0x0000000083900000|100%| S|CS|TAMS 0x0000000083800000, 0x0000000083800000| Complete 
|  39|0x0000000083900000, 0x0000000083900000, 0x0000000083a00000|  0%| F|  |TAMS 0x0000000083900000, 0x0000000083900000| Untracked 
|  40|0x0000000083a00000, 0x0000000083b00000, 0x0000000083b00000|100%| S|CS|TAMS 0x0000000083a00000, 0x0000000083a00000| Complete 
|  41|0x0000000083b00000, 0x0000000083c00000, 0x0000000083c00000|100%| S|CS|TAMS 0x0000000083b00000, 0x0000000083b00000| Complete 
|  42|0x0000000083c00000, 0x0000000083c00000, 0x0000000083d00000|  0%| F|  |TAMS 0x0000000083c00000, 0x0000000083c00000| Untracked 
|  43|0x0000000083d00000, 0x0000000083d00000, 0x0000000083e00000|  0%| F|  |TAMS 0x0000000083d00000, 0x0000000083d00000| Untracked 
|  44|0x0000000083e00000, 0x0000000083e00000, 0x0000000083f00000|  0%| F|  |TAMS 0x0000000083e00000, 0x0000000083e00000| Untracked 
|  45|0x0000000083f00000, 0x0000000083f00000, 0x0000000084000000|  0%| F|  |TAMS 0x0000000083f00000, 0x0000000083f00000| Untracked 
|  46|0x0000000084000000, 0x0000000084000000, 0x0000000084100000|  0%| F|  |TAMS 0x0000000084000000, 0x0000000084000000| Untracked 
|  47|0x0000000084100000, 0x0000000084100000, 0x0000000084200000|  0%| F|  |TAMS 0x0000000084100000, 0x0000000084100000| Untracked 
|  48|0x0000000084200000, 0x0000000084200000, 0x0000000084300000|  0%| F|  |TAMS 0x0000000084200000, 0x0000000084200000| Untracked 
|  49|0x0000000084300000, 0x0000000084300000, 0x0000000084400000|  0%| F|  |TAMS 0x0000000084300000, 0x0000000084300000| Untracked 
|  50|0x0000000084400000, 0x0000000084400000, 0x0000000084500000|  0%| F|  |TAMS 0x0000000084400000, 0x0000000084400000| Untracked 
|  51|0x0000000084500000, 0x0000000084500000, 0x0000000084600000|  0%| F|  |TAMS 0x0000000084500000, 0x0000000084500000| Untracked 
|  52|0x0000000084600000, 0x0000000084600000, 0x0000000084700000|  0%| F|  |TAMS 0x0000000084600000, 0x0000000084600000| Untracked 
|  53|0x0000000084700000, 0x0000000084700000, 0x0000000084800000|  0%| F|  |TAMS 0x0000000084700000, 0x0000000084700000| Untracked 
|  54|0x0000000084800000, 0x0000000084800000, 0x0000000084900000|  0%| F|  |TAMS 0x0000000084800000, 0x0000000084800000| Untracked 
|  55|0x0000000084900000, 0x0000000084900000, 0x0000000084a00000|  0%| F|  |TAMS 0x0000000084900000, 0x0000000084900000| Untracked 
|  56|0x0000000084a00000, 0x0000000084a00000, 0x0000000084b00000|  0%| F|  |TAMS 0x0000000084a00000, 0x0000000084a00000| Untracked 
|  57|0x0000000084b00000, 0x0000000084b00000, 0x0000000084c00000|  0%| F|  |TAMS 0x0000000084b00000, 0x0000000084b00000| Untracked 
|  58|0x0000000084c00000, 0x0000000084c00000, 0x0000000084d00000|  0%| F|  |TAMS 0x0000000084c00000, 0x0000000084c00000| Untracked 
|  59|0x0000000084d00000, 0x0000000084d00000, 0x0000000084e00000|  0%| F|  |TAMS 0x0000000084d00000, 0x0000000084d00000| Untracked 
|  60|0x0000000084e00000, 0x0000000084e00000, 0x0000000084f00000|  0%| F|  |TAMS 0x0000000084e00000, 0x0000000084e00000| Untracked 
|  61|0x0000000084f00000, 0x0000000084f5ae00, 0x0000000085000000| 35%| E|  |TAMS 0x0000000084f00000, 0x0000000084f00000| Complete 
|  62|0x0000000085000000, 0x0000000085100000, 0x0000000085100000|100%| E|CS|TAMS 0x0000000085000000, 0x0000000085000000| Complete 
|  63|0x0000000085100000, 0x0000000085200000, 0x0000000085200000|100%| E|CS|TAMS 0x0000000085100000, 0x0000000085100000| Complete 
|  64|0x0000000085200000, 0x0000000085300000, 0x0000000085300000|100%| E|CS|TAMS 0x0000000085200000, 0x0000000085200000| Complete 
|  65|0x0000000085300000, 0x0000000085400000, 0x0000000085400000|100%| E|CS|TAMS 0x0000000085300000, 0x0000000085300000| Complete 
|  66|0x0000000085400000, 0x0000000085500000, 0x0000000085500000|100%| E|CS|TAMS 0x0000000085400000, 0x0000000085400000| Complete 
|  67|0x0000000085500000, 0x0000000085600000, 0x0000000085600000|100%| E|CS|TAMS 0x0000000085500000, 0x0000000085500000| Complete 
|  68|0x0000000085600000, 0x0000000085700000, 0x0000000085700000|100%| E|CS|TAMS 0x0000000085600000, 0x0000000085600000| Complete 
|  69|0x0000000085700000, 0x0000000085800000, 0x0000000085800000|100%| E|CS|TAMS 0x0000000085700000, 0x0000000085700000| Complete 
|  70|0x0000000085800000, 0x0000000085900000, 0x0000000085900000|100%| E|CS|TAMS 0x0000000085800000, 0x0000000085800000| Complete 
|  71|0x0000000085900000, 0x0000000085a00000, 0x0000000085a00000|100%| E|CS|TAMS 0x0000000085900000, 0x0000000085900000| Complete 
|  72|0x0000000085a00000, 0x0000000085b00000, 0x0000000085b00000|100%| E|CS|TAMS 0x0000000085a00000, 0x0000000085a00000| Complete 
|  73|0x0000000085b00000, 0x0000000085c00000, 0x0000000085c00000|100%| E|CS|TAMS 0x0000000085b00000, 0x0000000085b00000| Complete 
|  74|0x0000000085c00000, 0x0000000085d00000, 0x0000000085d00000|100%| E|CS|TAMS 0x0000000085c00000, 0x0000000085c00000| Complete 
|  75|0x0000000085d00000, 0x0000000085e00000, 0x0000000085e00000|100%| E|CS|TAMS 0x0000000085d00000, 0x0000000085d00000| Complete 
|  76|0x0000000085e00000, 0x0000000085f00000, 0x0000000085f00000|100%| E|CS|TAMS 0x0000000085e00000, 0x0000000085e00000| Complete 
|  77|0x0000000085f00000, 0x0000000086000000, 0x0000000086000000|100%| E|CS|TAMS 0x0000000085f00000, 0x0000000085f00000| Complete 
|  78|0x0000000086000000, 0x0000000086100000, 0x0000000086100000|100%| E|CS|TAMS 0x0000000086000000, 0x0000000086000000| Complete 
|  79|0x0000000086100000, 0x0000000086200000, 0x0000000086200000|100%| E|CS|TAMS 0x0000000086100000, 0x0000000086100000| Complete 
|  80|0x0000000086200000, 0x0000000086300000, 0x0000000086300000|100%| E|CS|TAMS 0x0000000086200000, 0x0000000086200000| Complete 
| 138|0x0000000089c00000, 0x0000000089d00000, 0x0000000089d00000|100%| E|CS|TAMS 0x0000000089c00000, 0x0000000089c00000| Complete 
| 139|0x0000000089d00000, 0x0000000089e00000, 0x0000000089e00000|100%| E|CS|TAMS 0x0000000089d00000, 0x0000000089d00000| Complete 
| 140|0x0000000089e00000, 0x0000000089f00000, 0x0000000089f00000|100%| E|CS|TAMS 0x0000000089e00000, 0x0000000089e00000| Complete 
| 141|0x0000000089f00000, 0x000000008a000000, 0x000000008a000000|100%| E|CS|TAMS 0x0000000089f00000, 0x0000000089f00000| Complete 
| 142|0x000000008a000000, 0x000000008a100000, 0x000000008a100000|100%| E|CS|TAMS 0x000000008a000000, 0x000000008a000000| Complete 
| 153|0x000000008ab00000, 0x000000008ac00000, 0x000000008ac00000|100%| E|CS|TAMS 0x000000008ab00000, 0x000000008ab00000| Complete 

Card table byte_map: [0x0000026f4ea60000,0x0000026f4ee60000] _byte_map_base: 0x0000026f4e657000

Marking Bits (Prev, Next): (CMBitMap*) 0x0000026f36c28918, (CMBitMap*) 0x0000026f36c28958
 Prev Bits: [0x0000026f4f260000, 0x0000026f51218000)
 Next Bits: [0x0000026f51220000, 0x0000026f531d8000)

Polling page: 0x0000026f34ac0000

Metaspace:

Usage:
  Non-class:     43.82 MB capacity,    43.06 MB ( 98%) used,   596.43 KB (  1%) free+waste,   176.06 KB ( <1%) overhead. 
      Class:      6.32 MB capacity,     5.66 MB ( 90%) used,   577.82 KB (  9%) free+waste,    92.56 KB (  1%) overhead. 
       Both:     50.14 MB capacity,    48.73 MB ( 97%) used,     1.15 MB (  2%) free+waste,   268.63 KB ( <1%) overhead. 

Virtual space:
  Non-class space:       44.00 MB reserved,      44.00 MB (100%) committed 
      Class space:        1.00 GB reserved,       6.38 MB ( <1%) committed 
             Both:        1.04 GB reserved,      50.38 MB (  5%) committed 

Chunk freelists:
   Non-Class:  57.00 KB
       Class:  27.00 KB
        Both:  84.00 KB

MaxMetaspaceSize: 17179869184.00 GB
CompressedClassSpaceSize: 1.00 GB

CodeHeap 'non-profiled nmethods': size=120000Kb used=3570Kb max_used=3570Kb free=116430Kb
 bounds [0x0000026f47130000, 0x0000026f474b0000, 0x0000026f4e660000]
CodeHeap 'profiled nmethods': size=120000Kb used=10023Kb max_used=10023Kb free=109976Kb
 bounds [0x0000026f3fc00000, 0x0000026f405d0000, 0x0000026f47130000]
CodeHeap 'non-nmethods': size=5760Kb used=1519Kb max_used=1572Kb free=4240Kb
 bounds [0x0000026f3f660000, 0x0000026f3f8d0000, 0x0000026f3fc00000]
 total_blobs=5442 nmethods=4579 adapters=774
 compilation: enabled
              stopped_count=0, restarted_count=0
 full_count=0

Compilation events (20 events):
Event: 10.825 Thread 0x0000026f556f2000 nmethod 5226 0x0000026f405c3a10 code [0x0000026f405c3c20, 0x0000026f405c43b8]
Event: 10.837 Thread 0x0000026f556f2000 5227       3       java.lang.Runtime::getRuntime (4 bytes)
Event: 10.837 Thread 0x0000026f556f2000 nmethod 5227 0x0000026f3ff86510 code [0x0000026f3ff866a0, 0x0000026f3ff86798]
Event: 10.838 Thread 0x0000026f556f2000 5228       3       java.lang.ClassLoader::loadLibrary (417 bytes)
Event: 10.841 Thread 0x0000026f556f2000 nmethod 5228 0x0000026f405c4610 code [0x0000026f405c4ac0, 0x0000026f405c6d88]
Event: 10.841 Thread 0x0000026f556f2000 5229       3       java.io.File::isAbsolute (8 bytes)
Event: 10.841 Thread 0x0000026f556f2000 nmethod 5229 0x0000026f405c7990 code [0x0000026f405c7b40, 0x0000026f405c7ca8]
Event: 10.841 Thread 0x0000026f556f2000 5230       3       java.io.WinNTFileSystem::isAbsolute (36 bytes)
Event: 10.842 Thread 0x0000026f556f2000 nmethod 5230 0x0000026f405c7d90 code [0x0000026f405c7fa0, 0x0000026f405c8698]
Event: 10.842 Thread 0x0000026f556f2000 5231   !   3       java.lang.ClassLoader$2::run (25 bytes)
Event: 10.843 Thread 0x0000026f556f2000 nmethod 5231 0x0000026f405c8990 code [0x0000026f405c8ba0, 0x0000026f405c8fc8]
Event: 10.845 Thread 0x0000026f556f2000 5232       3       sun.nio.fs.WindowsPath::getFileName (87 bytes)
Event: 10.847 Thread 0x0000026f556f2000 nmethod 5232 0x0000026f405c9290 code [0x0000026f405c9540, 0x0000026f405ca3c8]
Event: 10.851 Thread 0x0000026f57205800 nmethod 5223 0x0000026f4749df90 code [0x0000026f4749e2e0, 0x0000026f4749f3b0]
Event: 10.878 Thread 0x0000026f556f2000 5233       3       com.sun.javafx.UnmodifiableArrayList::size (16 bytes)
Event: 10.878 Thread 0x0000026f556f2000 nmethod 5233 0x0000026f405ca890 code [0x0000026f405caa20, 0x0000026f405cabb8]
Event: 10.878 Thread 0x0000026f556f2000 5234       3       javafx.geometry.Insets::getBottom (15 bytes)
Event: 10.878 Thread 0x0000026f556f2000 nmethod 5234 0x0000026f405cac90 code [0x0000026f405cae20, 0x0000026f405cafb8]
Event: 10.879 Thread 0x0000026f556f2000 5235       3       com.sun.javafx.geom.transform.Identity::isTranslateOrIdentity (12 bytes)
Event: 10.879 Thread 0x0000026f556f2000 nmethod 5235 0x0000026f405cb090 code [0x0000026f405cb220, 0x0000026f405cb3b8]

GC Heap History (20 events):
Event: 6.625 GC heap before
{Heap before GC invocations=15 (full 0):
 garbage-first heap   total 61440K, used 50014K [0x0000000081200000, 0x0000000100000000)
  region size 1024K, 36 young (36864K), 4 survivors (4096K)
 Metaspace       used 31918K, capacity 32908K, committed 33024K, reserved 1079296K
  class space    used 3584K, capacity 4011K, committed 4096K, reserved 1048576K
}
Event: 6.631 GC heap after
{Heap after GC invocations=16 (full 0):
 garbage-first heap   total 61440K, used 18160K [0x0000000081200000, 0x0000000100000000)
  region size 1024K, 3 young (3072K), 3 survivors (3072K)
 Metaspace       used 31918K, capacity 32908K, committed 33024K, reserved 1079296K
  class space    used 3584K, capacity 4011K, committed 4096K, reserved 1048576K
}
Event: 6.819 GC heap before
{Heap before GC invocations=16 (full 0):
 garbage-first heap   total 61440K, used 50928K [0x0000000081200000, 0x0000000100000000)
  region size 1024K, 35 young (35840K), 3 survivors (3072K)
 Metaspace       used 33360K, capacity 34358K, committed 34432K, reserved 1079296K
  class space    used 3716K, capacity 4162K, committed 4224K, reserved 1048576K
}
Event: 6.824 GC heap after
{Heap after GC invocations=17 (full 0):
 garbage-first heap   total 61440K, used 18419K [0x0000000081200000, 0x0000000100000000)
  region size 1024K, 3 young (3072K), 3 survivors (3072K)
 Metaspace       used 33360K, capacity 34358K, committed 34432K, reserved 1079296K
  class space    used 3716K, capacity 4162K, committed 4224K, reserved 1048576K
}
Event: 6.983 GC heap before
{Heap before GC invocations=17 (full 0):
 garbage-first heap   total 61440K, used 51187K [0x0000000081200000, 0x0000000100000000)
  region size 1024K, 35 young (35840K), 3 survivors (3072K)
 Metaspace       used 34419K, capacity 35414K, committed 35584K, reserved 1081344K
  class space    used 3807K, capacity 4258K, committed 4352K, reserved 1048576K
}
Event: 6.987 GC heap after
{Heap after GC invocations=18 (full 0):
 garbage-first heap   total 73728K, used 18696K [0x0000000081200000, 0x0000000100000000)
  region size 1024K, 3 young (3072K), 3 survivors (3072K)
 Metaspace       used 34419K, capacity 35414K, committed 35584K, reserved 1081344K
  class space    used 3807K, capacity 4258K, committed 4352K, reserved 1048576K
}
Event: 7.032 GC heap before
{Heap before GC invocations=18 (full 0):
 garbage-first heap   total 73728K, used 25864K [0x0000000081200000, 0x0000000100000000)
  region size 1024K, 11 young (11264K), 3 survivors (3072K)
 Metaspace       used 34811K, capacity 35798K, committed 35840K, reserved 1081344K
  class space    used 3872K, capacity 4322K, committed 4352K, reserved 1048576K
}
Event: 7.037 GC heap after
{Heap after GC invocations=19 (full 0):
 garbage-first heap   total 73728K, used 18150K [0x0000000081200000, 0x0000000100000000)
  region size 1024K, 3 young (3072K), 3 survivors (3072K)
 Metaspace       used 34811K, capacity 35798K, committed 35840K, reserved 1081344K
  class space    used 3872K, capacity 4322K, committed 4352K, reserved 1048576K
}
Event: 7.456 GC heap before
{Heap before GC invocations=20 (full 0):
 garbage-first heap   total 73728K, used 59110K [0x0000000081200000, 0x0000000100000000)
  region size 1024K, 43 young (44032K), 3 survivors (3072K)
 Metaspace       used 36650K, capacity 37660K, committed 37760K, reserved 1083392K
  class space    used 4014K, capacity 4456K, committed 4480K, reserved 1048576K
}
Event: 7.460 GC heap after
{Heap after GC invocations=21 (full 0):
 garbage-first heap   total 73728K, used 18760K [0x0000000081200000, 0x0000000100000000)
  region size 1024K, 3 young (3072K), 3 survivors (3072K)
 Metaspace       used 36650K, capacity 37660K, committed 37760K, reserved 1083392K
  class space    used 4014K, capacity 4456K, committed 4480K, reserved 1048576K
}
Event: 8.166 GC heap before
{Heap before GC invocations=21 (full 0):
 garbage-first heap   total 73728K, used 59720K [0x0000000081200000, 0x0000000100000000)
  region size 1024K, 43 young (44032K), 3 survivors (3072K)
 Metaspace       used 39079K, capacity 40123K, committed 40320K, reserved 1085440K
  class space    used 4238K, capacity 4697K, committed 4736K, reserved 1048576K
}
Event: 8.172 GC heap after
{Heap after GC invocations=22 (full 0):
 garbage-first heap   total 73728K, used 19798K [0x0000000081200000, 0x0000000100000000)
  region size 1024K, 4 young (4096K), 4 survivors (4096K)
 Metaspace       used 39079K, capacity 40123K, committed 40320K, reserved 1085440K
  class space    used 4238K, capacity 4697K, committed 4736K, reserved 1048576K
}
Event: 8.592 GC heap before
{Heap before GC invocations=22 (full 0):
 garbage-first heap   total 73728K, used 60758K [0x0000000081200000, 0x0000000100000000)
  region size 1024K, 43 young (44032K), 4 survivors (4096K)
 Metaspace       used 40826K, capacity 41879K, committed 42112K, reserved 1087488K
  class space    used 4469K, capacity 4942K, committed 4992K, reserved 1048576K
}
Event: 8.598 GC heap after
{Heap after GC invocations=23 (full 0):
 garbage-first heap   total 89088K, used 21492K [0x0000000081200000, 0x0000000100000000)
  region size 1024K, 4 young (4096K), 4 survivors (4096K)
 Metaspace       used 40826K, capacity 41879K, committed 42112K, reserved 1087488K
  class space    used 4469K, capacity 4942K, committed 4992K, reserved 1048576K
}
Event: 9.224 GC heap before
{Heap before GC invocations=23 (full 0):
 garbage-first heap   total 89088K, used 70644K [0x0000000081200000, 0x0000000100000000)
  region size 1024K, 52 young (53248K), 4 survivors (4096K)
 Metaspace       used 43048K, capacity 44147K, committed 44416K, reserved 1089536K
  class space    used 4729K, capacity 5230K, committed 5248K, reserved 1048576K
}
Event: 9.231 GC heap after
{Heap after GC invocations=24 (full 0):
 garbage-first heap   total 89088K, used 23093K [0x0000000081200000, 0x0000000100000000)
  region size 1024K, 5 young (5120K), 5 survivors (5120K)
 Metaspace       used 43048K, capacity 44147K, committed 44416K, reserved 1089536K
  class space    used 4729K, capacity 5230K, committed 5248K, reserved 1048576K
}
Event: 9.877 GC heap before
{Heap before GC invocations=24 (full 0):
 garbage-first heap   total 89088K, used 74293K [0x0000000081200000, 0x0000000100000000)
  region size 1024K, 52 young (53248K), 5 survivors (5120K)
 Metaspace       used 45414K, capacity 46572K, committed 46848K, reserved 1091584K
  class space    used 5072K, capacity 5594K, committed 5632K, reserved 1048576K
}
Event: 9.885 GC heap after
{Heap after GC invocations=25 (full 0):
 garbage-first heap   total 89088K, used 27249K [0x0000000081200000, 0x0000000100000000)
  region size 1024K, 5 young (5120K), 5 survivors (5120K)
 Metaspace       used 45414K, capacity 46572K, committed 46848K, reserved 1091584K
  class space    used 5072K, capacity 5594K, committed 5632K, reserved 1048576K
}
Event: 10.410 GC heap before
{Heap before GC invocations=25 (full 0):
 garbage-first heap   total 89088K, used 73329K [0x0000000081200000, 0x0000000100000000)
  region size 1024K, 50 young (51200K), 5 survivors (5120K)
 Metaspace       used 48132K, capacity 49558K, committed 49792K, reserved 1093632K
  class space    used 5561K, capacity 6166K, committed 6272K, reserved 1048576K
}
Event: 10.417 GC heap after
{Heap after GC invocations=26 (full 0):
 garbage-first heap   total 89088K, used 27841K [0x0000000081200000, 0x0000000100000000)
  region size 1024K, 4 young (4096K), 4 survivors (4096K)
 Metaspace       used 48132K, capacity 49558K, committed 49792K, reserved 1093632K
  class space    used 5561K, capacity 6166K, committed 6272K, reserved 1048576K
}

Deoptimization events (20 events):
Event: 10.312 Thread 0x0000026f5610f000 DEOPT PACKING pc=0x0000026f474639c0 sp=0x0000009a812fd2c0
Event: 10.312 Thread 0x0000026f5610f000 DEOPT UNPACKING pc=0x0000026f3f6a912f sp=0x0000009a812fd248 mode 2
Event: 10.312 Thread 0x0000026f5610f000 Uncommon trap: trap_request=0xffffffde fr.pc=0x0000026f474639c0 relative=0x00000000000000a0
Event: 10.312 Thread 0x0000026f5610f000 Uncommon trap: reason=class_check action=maybe_recompile pc=0x0000026f474639c0 method=javafx.beans.property.ObjectPropertyBase.get()Ljava/lang/Object; @ 39 c2
Event: 10.312 Thread 0x0000026f5610f000 DEOPT PACKING pc=0x0000026f474639c0 sp=0x0000009a812fd3a0
Event: 10.312 Thread 0x0000026f5610f000 DEOPT UNPACKING pc=0x0000026f3f6a912f sp=0x0000009a812fd328 mode 2
Event: 10.462 Thread 0x0000026f5610f000 Uncommon trap: trap_request=0xffffffbe fr.pc=0x0000026f474383e0 relative=0x0000000000000780
Event: 10.462 Thread 0x0000026f5610f000 Uncommon trap: reason=profile_predicate action=maybe_recompile pc=0x0000026f474383e0 method=java.lang.PublicMethods$MethodList.filter([Ljava/lang/reflect/Method;Ljava/lang/String;[Ljava/lang/Class;Z)Ljava/lang/PublicMethods$MethodList; @ 21 c2
Event: 10.462 Thread 0x0000026f5610f000 DEOPT PACKING pc=0x0000026f474383e0 sp=0x0000009a812fc590
Event: 10.462 Thread 0x0000026f5610f000 DEOPT UNPACKING pc=0x0000026f3f6a912f sp=0x0000009a812fc548 mode 2
Event: 10.472 Thread 0x0000026f5610f000 Uncommon trap: trap_request=0xffffffbe fr.pc=0x0000026f474383e0 relative=0x0000000000000780
Event: 10.472 Thread 0x0000026f5610f000 Uncommon trap: reason=profile_predicate action=maybe_recompile pc=0x0000026f474383e0 method=java.lang.PublicMethods$MethodList.filter([Ljava/lang/reflect/Method;Ljava/lang/String;[Ljava/lang/Class;Z)Ljava/lang/PublicMethods$MethodList; @ 21 c2
Event: 10.472 Thread 0x0000026f5610f000 DEOPT PACKING pc=0x0000026f474383e0 sp=0x0000009a812fc590
Event: 10.472 Thread 0x0000026f5610f000 DEOPT UNPACKING pc=0x0000026f3f6a912f sp=0x0000009a812fc548 mode 2
Event: 10.540 Thread 0x0000026f5610f000 Uncommon trap: trap_request=0xffffffbe fr.pc=0x0000026f474383e0 relative=0x0000000000000780
Event: 10.540 Thread 0x0000026f5610f000 Uncommon trap: reason=profile_predicate action=maybe_recompile pc=0x0000026f474383e0 method=java.lang.PublicMethods$MethodList.filter([Ljava/lang/reflect/Method;Ljava/lang/String;[Ljava/lang/Class;Z)Ljava/lang/PublicMethods$MethodList; @ 21 c2
Event: 10.540 Thread 0x0000026f5610f000 DEOPT PACKING pc=0x0000026f474383e0 sp=0x0000009a812fc520
Event: 10.540 Thread 0x0000026f5610f000 DEOPT UNPACKING pc=0x0000026f3f6a912f sp=0x0000009a812fc4d8 mode 2
Event: 10.555 Thread 0x0000026f5610f000 DEOPT PACKING pc=0x0000026f40452cd3 sp=0x0000009a812f6de0
Event: 10.555 Thread 0x0000026f5610f000 DEOPT UNPACKING pc=0x0000026f3f6a964e sp=0x0000009a812f6380 mode 0

Classes unloaded (0 events):
No events

Classes redefined (0 events):
No events

Internal exceptions (20 events):
Event: 6.788 Thread 0x0000026f5ae8e000 Exception <a 'java/lang/NoSuchMethodError'{0x00000000836e6980}: 'java.lang.Object java.lang.invoke.Invokers$Holder.invoke_MT(java.lang.Object, java.lang.Object, java.lang.Object, java.lang.Object, java.lang.Object, java.lang.Object)'> (0x00000000836e6980) 
thrown [./src/hotspot/share/interpreter/linkResolver.cpp, line 766]
Event: 6.789 Thread 0x0000026f5ae8e000 Exception <a 'java/lang/NoSuchMethodError'{0x00000000836ed870}: 'java.lang.Object java.lang.invoke.DirectMethodHandle$Holder.invokeSpecial(java.lang.Object, java.lang.Object, java.lang.Object, java.lang.Object, java.lang.Object, int)'> (0x00000000836ed870) 
thrown [./src/hotspot/share/interpreter/linkResolver.cpp, line 766]
Event: 6.789 Thread 0x0000026f5ae8e000 Exception <a 'java/lang/NoSuchMethodError'{0x00000000836f0ec0}: 'java.lang.Object java.lang.invoke.DelegatingMethodHandle$Holder.reinvoke_L(java.lang.Object, java.lang.Object, java.lang.Object, java.lang.Object, int)'> (0x00000000836f0ec0) 
thrown [./src/hotspot/share/interpreter/linkResolver.cpp, line 766]
Event: 6.790 Thread 0x0000026f5ae8e000 Exception <a 'java/lang/NoSuchMethodError'{0x00000000836fa138}: 'void java.lang.invoke.Invokers$Holder.exactInvoker(java.lang.Object, java.lang.Object, java.lang.Object, java.lang.Object)'> (0x00000000836fa138) 
thrown [./src/hotspot/share/interpreter/linkResolver.cpp, line 766]
Event: 6.790 Thread 0x0000026f5ae8e000 Exception <a 'java/lang/NoSuchMethodError'{0x00000000836fde40}: 'void java.lang.invoke.DelegatingMethodHandle$Holder.delegate(java.lang.Object, java.lang.Object, java.lang.Object, java.lang.Object)'> (0x00000000836fde40) 
thrown [./src/hotspot/share/interpreter/linkResolver.cpp, line 766]
Event: 6.791 Thread 0x0000026f5ae8e000 Exception <a 'java/lang/NoSuchMethodError'{0x0000000083504c90}: 'void java.lang.invoke.Invokers$Holder.linkToCallSite(java.lang.Object, java.lang.Object, java.lang.Object)'> (0x0000000083504c90) 
thrown [./src/hotspot/share/interpreter/linkResolver.cpp, line 766]
Event: 7.159 Thread 0x0000026f5ae8e000 Exception <a 'java/lang/NoSuchMethodError'{0x000000008431a238}: 'java.lang.Object java.lang.invoke.Invokers$Holder.invokeExact_MT(java.lang.Object, java.lang.Object, java.lang.Object, java.lang.Object, java.lang.Object)'> (0x000000008431a238) 
thrown [./src/hotspot/share/interpreter/linkResolver.cpp, line 766]
Event: 7.162 Thread 0x0000026f5ae8e000 Exception <a 'java/lang/NoSuchMethodError'{0x0000000084331988}: 'java.lang.Object java.lang.invoke.DirectMethodHandle$Holder.invokeStatic(java.lang.Object, int, java.lang.Object, java.lang.Object, java.lang.Object)'> (0x0000000084331988) 
thrown [./src/hotspot/share/interpreter/linkResolver.cpp, line 766]
Event: 7.163 Thread 0x0000026f5ae8e000 Exception <a 'java/lang/NoSuchMethodError'{0x0000000084335428}: 'java.lang.Object java.lang.invoke.DirectMethodHandle$Holder.invokeStaticInit(java.lang.Object, int, java.lang.Object, java.lang.Object, java.lang.Object)'> (0x0000000084335428) 
thrown [./src/hotspot/share/interpreter/linkResolver.cpp, line 766]
Event: 7.163 Thread 0x0000026f5ae8e000 Exception <a 'java/lang/NoSuchMethodError'{0x000000008433a6a8}: 'java.lang.Object java.lang.invoke.DirectMethodHandle$Holder.invokeSpecial(java.lang.Object, java.lang.Object, int, java.lang.Object, java.lang.Object, java.lang.Object)'> (0x000000008433a6a8) 
thrown [./src/hotspot/share/interpreter/linkResolver.cpp, line 766]
Event: 7.164 Thread 0x0000026f5ae8e000 Exception <a 'java/lang/NoSuchMethodError'{0x000000008433e3f8}: 'java.lang.Object java.lang.invoke.DelegatingMethodHandle$Holder.reinvoke_L(java.lang.Object, int, java.lang.Object, java.lang.Object, java.lang.Object)'> (0x000000008433e3f8) 
thrown [./src/hotspot/share/interpreter/linkResolver.cpp, line 766]
Event: 7.393 Thread 0x0000026f5ae8e000 Exception <a 'java/lang/NoSuchMethodError'{0x00000000832e18b0}: 'java.lang.Object java.lang.invoke.Invokers$Holder.exactInvoker(java.lang.Object, java.lang.Object, java.lang.Object, java.lang.Object, java.lang.Object)'> (0x00000000832e18b0) 
thrown [./src/hotspot/share/interpreter/linkResolver.cpp, line 766]
Event: 7.395 Thread 0x0000026f5ae8e000 Exception <a 'java/lang/NoSuchMethodError'{0x00000000832f4bc8}: 'int java.lang.invoke.DirectMethodHandle$Holder.invokeSpecial(java.lang.Object, java.lang.Object, java.lang.Object, java.lang.Object, java.lang.Object)'> (0x00000000832f4bc8) 
thrown [./src/hotspot/share/interpreter/linkResolver.cpp, line 766]
Event: 8.275 Thread 0x0000026f5610f000 Exception <a 'java/lang/NullPointerException'{0x0000000084717658}> (0x0000000084717658) 
thrown [./src/hotspot/share/interpreter/linkResolver.cpp, line 1348]
Event: 8.360 Thread 0x0000026f5610f000 Exception <a 'java/lang/NoSuchMethodError'{0x0000000083d3ad70}: 'java.lang.Object java.lang.invoke.Invokers$Holder.linkToTargetMethod(java.lang.Object, int, java.lang.Object, java.lang.Object)'> (0x0000000083d3ad70) 
thrown [./src/hotspot/share/interpreter/linkResolver.cpp, line 766]
Event: 9.723 Thread 0x0000026f5610f000 Exception <a 'java/io/FileNotFoundException'{0x0000000084b8b810}> (0x0000000084b8b810) 
thrown [./src/hotspot/share/prims/jni.cpp, line 599]
Event: 10.120 Thread 0x0000026f5610f000 Exception <a 'java/lang/IncompatibleClassChangeError'{0x00000000854f0e10}: Found class java.lang.Object, but interface was expected> (0x00000000854f0e10) 
thrown [./src/hotspot/share/interpreter/linkResolver.cpp, line 832]
Event: 10.783 Thread 0x0000026f5610f000 Exception <a 'java/lang/NoSuchMethodError'{0x0000000085547cd8}: 'long java.lang.invoke.DirectMethodHandle$Holder.invokeStatic(java.lang.Object, java.lang.Object, java.lang.Object)'> (0x0000000085547cd8) 
thrown [./src/hotspot/share/interpreter/linkResolver.cpp, line 766]
Event: 10.783 Thread 0x0000026f5610f000 Exception <a 'java/lang/NoSuchMethodError'{0x000000008554a980}: 'long java.lang.invoke.DirectMethodHandle$Holder.invokeStaticInit(java.lang.Object, java.lang.Object, java.lang.Object)'> (0x000000008554a980) 
thrown [./src/hotspot/share/interpreter/linkResolver.cpp, line 766]
Event: 10.786 Thread 0x0000026f5610f000 Exception <a 'java/lang/NoSuchMethodError'{0x000000008555ec50}: 'java.lang.Object java.lang.invoke.Invokers$Holder.linkToTargetMethod(java.lang.Object, long, java.lang.Object)'> (0x000000008555ec50) 
thrown [./src/hotspot/share/interpreter/linkResolver.cpp, line 766]

Events (20 events):
Event: 10.674 loading class sun/text/normalizer/Trie2_16 done
Event: 10.675 loading class sun/text/normalizer/Trie2$1
Event: 10.675 loading class sun/text/normalizer/Trie2$ValueMapper
Event: 10.675 loading class sun/text/normalizer/Trie2$ValueMapper done
Event: 10.675 loading class sun/text/normalizer/Trie2$1 done
Event: 10.675 loading class sun/text/normalizer/Trie2$UTrie2Header
Event: 10.675 loading class sun/text/normalizer/Trie2$UTrie2Header done
Event: 10.676 loading class sun/text/normalizer/UTF16
Event: 10.677 loading class sun/text/normalizer/UTF16 done
Event: 10.677 loading class sun/text/bidi/BidiLine
Event: 10.677 loading class sun/text/bidi/BidiLine done
Event: 10.704 loading class java/util/WeakHashMap$EntrySet
Event: 10.704 loading class java/util/WeakHashMap$EntrySet done
Event: 10.704 loading class java/util/WeakHashMap$EntryIterator
Event: 10.704 loading class java/util/WeakHashMap$EntryIterator done
Event: 10.785 loading class java/nio/HeapIntBuffer
Event: 10.786 loading class java/nio/HeapIntBuffer done
Event: 10.845 Executing VM operation: HandshakeOneThread
Event: 10.845 Executing VM operation: HandshakeOneThread done
Event: 10.869 Loaded shared library C:\Users\larst\.openjfx\cache\12.0.1\decora_sse.dll


Dynamic libraries:
0x00007ff658eb0000 - 0x00007ff658ebd000 	C:\Users\larst\.jdks\adopt-openjdk-14.0.2\bin\java.exe
0x00007fffd5750000 - 0x00007fffd5946000 	C:\WINDOWS\SYSTEM32\ntdll.dll
0x00007fffd3fd0000 - 0x00007fffd408d000 	C:\WINDOWS\System32\KERNEL32.DLL
0x00007fffd3170000 - 0x00007fffd3438000 	C:\WINDOWS\System32\KERNELBASE.dll
0x00007fffd2e90000 - 0x00007fffd2f90000 	C:\WINDOWS\System32\ucrtbase.dll
0x00007fffbf870000 - 0x00007fffbf885000 	C:\Users\larst\.jdks\adopt-openjdk-14.0.2\bin\VCRUNTIME140.dll
0x00007fffbe860000 - 0x00007fffbe878000 	C:\Users\larst\.jdks\adopt-openjdk-14.0.2\bin\jli.dll
0x00007fffd48f0000 - 0x00007fffd4a90000 	C:\WINDOWS\System32\USER32.dll
0x00007fffd3610000 - 0x00007fffd3632000 	C:\WINDOWS\System32\win32u.dll
0x00007fffd2280000 - 0x00007fffd251b000 	C:\WINDOWS\WinSxS\amd64_microsoft.windows.common-controls_6595b64144ccf1df_6.0.19041.488_none_ca04af081b815d21\COMCTL32.dll
0x00007fffd3d50000 - 0x00007fffd3d7a000 	C:\WINDOWS\System32\GDI32.dll
0x00007fffd4090000 - 0x00007fffd412e000 	C:\WINDOWS\System32\msvcrt.dll
0x00007fffd36a0000 - 0x00007fffd37a9000 	C:\WINDOWS\System32\gdi32full.dll
0x00007fffd3570000 - 0x00007fffd360d000 	C:\WINDOWS\System32\msvcp_win.dll
0x00007fffd3fa0000 - 0x00007fffd3fd0000 	C:\WINDOWS\System32\IMM32.DLL
0x00007fffba110000 - 0x00007fffba1ab000 	C:\Users\larst\.jdks\adopt-openjdk-14.0.2\bin\msvcp140.dll
0x00007fff98ad0000 - 0x00007fff99664000 	C:\Users\larst\.jdks\adopt-openjdk-14.0.2\bin\server\jvm.dll
0x00007fffd51f0000 - 0x00007fffd529c000 	C:\WINDOWS\System32\ADVAPI32.dll
0x00007fffd4530000 - 0x00007fffd45cb000 	C:\WINDOWS\System32\sechost.dll
0x00007fffd4400000 - 0x00007fffd4524000 	C:\WINDOWS\System32\RPCRT4.dll
0x00007fffd51e0000 - 0x00007fffd51e8000 	C:\WINDOWS\System32\PSAPI.DLL
0x00007fffbeb40000 - 0x00007fffbeb67000 	C:\WINDOWS\SYSTEM32\WINMM.dll
0x00007fffcb390000 - 0x00007fffcb399000 	C:\WINDOWS\SYSTEM32\WSOCK32.dll
0x00007fffd4700000 - 0x00007fffd476b000 	C:\WINDOWS\System32\WS2_32.dll
0x00007fffd0040000 - 0x00007fffd004a000 	C:\WINDOWS\SYSTEM32\VERSION.dll
0x00007fffcffd0000 - 0x00007fffcffe2000 	C:\WINDOWS\SYSTEM32\kernel.appcore.dll
0x00007fffcf840000 - 0x00007fffcf84a000 	C:\Users\larst\.jdks\adopt-openjdk-14.0.2\bin\jimage.dll
0x00007fffd29f0000 - 0x00007fffd2bd4000 	C:\WINDOWS\SYSTEM32\DBGHELP.DLL
0x00007fffd2940000 - 0x00007fffd296c000 	C:\WINDOWS\SYSTEM32\dbgcore.DLL
0x00007fffd30f0000 - 0x00007fffd316f000 	C:\WINDOWS\System32\bcryptPrimitives.dll
0x00007fffc7370000 - 0x00007fffc737e000 	C:\Users\larst\.jdks\adopt-openjdk-14.0.2\bin\instrument.dll
0x00007fffbaa40000 - 0x00007fffbaa65000 	C:\Users\larst\.jdks\adopt-openjdk-14.0.2\bin\java.dll
0x00007fffbe840000 - 0x00007fffbe856000 	C:\Users\larst\.jdks\adopt-openjdk-14.0.2\bin\zip.dll
0x00007fffd4a90000 - 0x00007fffd51d1000 	C:\WINDOWS\System32\SHELL32.dll
0x00007fffd0210000 - 0x00007fffd09a5000 	C:\WINDOWS\SYSTEM32\windows.storage.dll
0x00007fffd37b0000 - 0x00007fffd3b05000 	C:\WINDOWS\System32\combase.dll
0x00007fffd2210000 - 0x00007fffd223c000 	C:\WINDOWS\SYSTEM32\Wldp.dll
0x00007fffd4630000 - 0x00007fffd46de000 	C:\WINDOWS\System32\SHCORE.dll
0x00007fffd45d0000 - 0x00007fffd4625000 	C:\WINDOWS\System32\shlwapi.dll
0x00007fffd2dc0000 - 0x00007fffd2de6000 	C:\WINDOWS\SYSTEM32\profapi.dll
0x00007fffbc390000 - 0x00007fffbc3a9000 	C:\Users\larst\.jdks\adopt-openjdk-14.0.2\bin\net.dll
0x00007fffcbba0000 - 0x00007fffcbca0000 	C:\WINDOWS\SYSTEM32\WINHTTP.dll
0x00007fffd1e80000 - 0x00007fffd1eea000 	C:\WINDOWS\system32\mswsock.dll
0x00007fffba990000 - 0x00007fffba9a2000 	C:\Users\larst\.jdks\adopt-openjdk-14.0.2\bin\nio.dll
0x00007fffce020000 - 0x00007fffce030000 	C:\Users\larst\.jdks\adopt-openjdk-14.0.2\bin\verify.dll
0x00007fffcb3a0000 - 0x00007fffcb3b7000 	C:\WINDOWS\system32\napinsp.dll
0x00007fffcdaf0000 - 0x00007fffcdb0b000 	C:\WINDOWS\system32\pnrpnsp.dll
0x00007fffcc780000 - 0x00007fffcc795000 	C:\WINDOWS\system32\wshbth.dll
0x00007fffcd9c0000 - 0x00007fffcd9dd000 	C:\WINDOWS\system32\NLAapi.dll
0x00007fffd1ca0000 - 0x00007fffd1cdb000 	C:\WINDOWS\SYSTEM32\IPHLPAPI.DLL
0x00007fffd1ce0000 - 0x00007fffd1dab000 	C:\WINDOWS\SYSTEM32\DNSAPI.dll
0x00007fffd3b10000 - 0x00007fffd3b18000 	C:\WINDOWS\System32\NSI.dll
0x00007fffd0cb0000 - 0x00007fffd0cc2000 	C:\WINDOWS\System32\winrnr.dll
0x00007fffc6cc0000 - 0x00007fffc6cca000 	C:\Windows\System32\rasadhlp.dll
0x00007fffbf360000 - 0x00007fffbf3df000 	C:\WINDOWS\System32\fwpuclnt.dll
0x00007fffd3540000 - 0x00007fffd3567000 	C:\WINDOWS\System32\bcrypt.dll
0x00007fffc7330000 - 0x00007fffc7339000 	C:\Users\larst\.jdks\adopt-openjdk-14.0.2\bin\management.dll
0x00007fffc0f70000 - 0x00007fffc0f7b000 	C:\Users\larst\.jdks\adopt-openjdk-14.0.2\bin\management_ext.dll
0x0000026f34b10000 - 0x0000026f34b13000 	C:\Users\larst\.jdks\adopt-openjdk-14.0.2\bin\api-ms-win-core-console-l1-1-0.dll
0x0000026f36b40000 - 0x0000026f36b43000 	C:\Users\larst\.jdks\adopt-openjdk-14.0.2\bin\api-ms-win-core-datetime-l1-1-0.dll
0x0000026f36b50000 - 0x0000026f36b53000 	C:\Users\larst\.jdks\adopt-openjdk-14.0.2\bin\api-ms-win-core-debug-l1-1-0.dll
0x0000026f36b60000 - 0x0000026f36b63000 	C:\Users\larst\.jdks\adopt-openjdk-14.0.2\bin\api-ms-win-core-errorhandling-l1-1-0.dll
0x0000026f36b70000 - 0x0000026f36b74000 	C:\Users\larst\.jdks\adopt-openjdk-14.0.2\bin\api-ms-win-core-file-l1-1-0.dll
0x0000026f36b80000 - 0x0000026f36b83000 	C:\Users\larst\.jdks\adopt-openjdk-14.0.2\bin\api-ms-win-core-file-l1-2-0.dll
0x0000026f36b90000 - 0x0000026f36b93000 	C:\Users\larst\.jdks\adopt-openjdk-14.0.2\bin\api-ms-win-core-file-l2-1-0.dll
0x0000026f36ba0000 - 0x0000026f36ba3000 	C:\Users\larst\.jdks\adopt-openjdk-14.0.2\bin\api-ms-win-core-handle-l1-1-0.dll
0x0000026f36bb0000 - 0x0000026f36bb3000 	C:\Users\larst\.jdks\adopt-openjdk-14.0.2\bin\api-ms-win-core-heap-l1-1-0.dll
0x0000026f58130000 - 0x0000026f58133000 	C:\Users\larst\.jdks\adopt-openjdk-14.0.2\bin\api-ms-win-core-interlocked-l1-1-0.dll
0x0000026f58140000 - 0x0000026f58143000 	C:\Users\larst\.jdks\adopt-openjdk-14.0.2\bin\api-ms-win-core-libraryloader-l1-1-0.dll
0x0000026f58150000 - 0x0000026f58153000 	C:\Users\larst\.jdks\adopt-openjdk-14.0.2\bin\api-ms-win-core-localization-l1-2-0.dll
0x0000026f58160000 - 0x0000026f58163000 	C:\Users\larst\.jdks\adopt-openjdk-14.0.2\bin\api-ms-win-core-memory-l1-1-0.dll
0x0000026f58170000 - 0x0000026f58173000 	C:\Users\larst\.jdks\adopt-openjdk-14.0.2\bin\api-ms-win-core-namedpipe-l1-1-0.dll
0x0000026f58180000 - 0x0000026f58183000 	C:\Users\larst\.jdks\adopt-openjdk-14.0.2\bin\api-ms-win-core-processenvironment-l1-1-0.dll
0x0000026f58190000 - 0x0000026f58193000 	C:\Users\larst\.jdks\adopt-openjdk-14.0.2\bin\api-ms-win-core-processthreads-l1-1-0.dll
0x0000026f581a0000 - 0x0000026f581a3000 	C:\Users\larst\.jdks\adopt-openjdk-14.0.2\bin\api-ms-win-core-processthreads-l1-1-1.dll
0x0000026f581b0000 - 0x0000026f581b3000 	C:\Users\larst\.jdks\adopt-openjdk-14.0.2\bin\api-ms-win-core-profile-l1-1-0.dll
0x0000026f581c0000 - 0x0000026f581c3000 	C:\Users\larst\.jdks\adopt-openjdk-14.0.2\bin\api-ms-win-core-rtlsupport-l1-1-0.dll
0x0000026f581d0000 - 0x0000026f581d3000 	C:\Users\larst\.jdks\adopt-openjdk-14.0.2\bin\api-ms-win-core-string-l1-1-0.dll
0x0000026f581e0000 - 0x0000026f581e3000 	C:\Users\larst\.jdks\adopt-openjdk-14.0.2\bin\api-ms-win-core-synch-l1-1-0.dll
0x0000026f581f0000 - 0x0000026f581f3000 	C:\Users\larst\.jdks\adopt-openjdk-14.0.2\bin\api-ms-win-core-synch-l1-2-0.dll
0x0000026f58200000 - 0x0000026f58203000 	C:\Users\larst\.jdks\adopt-openjdk-14.0.2\bin\api-ms-win-core-sysinfo-l1-1-0.dll
0x0000026f58210000 - 0x0000026f58213000 	C:\Users\larst\.jdks\adopt-openjdk-14.0.2\bin\api-ms-win-core-timezone-l1-1-0.dll
0x0000026f58220000 - 0x0000026f58223000 	C:\Users\larst\.jdks\adopt-openjdk-14.0.2\bin\api-ms-win-core-util-l1-1-0.dll
0x0000026f58230000 - 0x0000026f58233000 	C:\Users\larst\.jdks\adopt-openjdk-14.0.2\bin\api-ms-win-crt-conio-l1-1-0.dll
0x0000026f58240000 - 0x0000026f58244000 	C:\Users\larst\.jdks\adopt-openjdk-14.0.2\bin\api-ms-win-crt-convert-l1-1-0.dll
0x0000026f58250000 - 0x0000026f58253000 	C:\Users\larst\.jdks\adopt-openjdk-14.0.2\bin\api-ms-win-crt-environment-l1-1-0.dll
0x0000026f58260000 - 0x0000026f58263000 	C:\Users\larst\.jdks\adopt-openjdk-14.0.2\bin\api-ms-win-crt-filesystem-l1-1-0.dll
0x0000026f58270000 - 0x0000026f58273000 	C:\Users\larst\.jdks\adopt-openjdk-14.0.2\bin\api-ms-win-crt-heap-l1-1-0.dll
0x0000026f58280000 - 0x0000026f58283000 	C:\Users\larst\.jdks\adopt-openjdk-14.0.2\bin\api-ms-win-crt-locale-l1-1-0.dll
0x0000026f58290000 - 0x0000026f58295000 	C:\Users\larst\.jdks\adopt-openjdk-14.0.2\bin\api-ms-win-crt-math-l1-1-0.dll
0x0000026f582a0000 - 0x0000026f582a5000 	C:\Users\larst\.jdks\adopt-openjdk-14.0.2\bin\api-ms-win-crt-multibyte-l1-1-0.dll
0x0000026f582b0000 - 0x0000026f582c0000 	C:\Users\larst\.jdks\adopt-openjdk-14.0.2\bin\api-ms-win-crt-private-l1-1-0.dll
0x0000026f582c0000 - 0x0000026f582c3000 	C:\Users\larst\.jdks\adopt-openjdk-14.0.2\bin\api-ms-win-crt-process-l1-1-0.dll
0x0000026f582d0000 - 0x0000026f582d4000 	C:\Users\larst\.jdks\adopt-openjdk-14.0.2\bin\api-ms-win-crt-runtime-l1-1-0.dll
0x0000026f582e0000 - 0x0000026f582e4000 	C:\Users\larst\.jdks\adopt-openjdk-14.0.2\bin\api-ms-win-crt-stdio-l1-1-0.dll
0x0000026f582f0000 - 0x0000026f582f4000 	C:\Users\larst\.jdks\adopt-openjdk-14.0.2\bin\api-ms-win-crt-string-l1-1-0.dll
0x0000026f58300000 - 0x0000026f58303000 	C:\Users\larst\.jdks\adopt-openjdk-14.0.2\bin\api-ms-win-crt-time-l1-1-0.dll
0x0000026f58310000 - 0x0000026f58313000 	C:\Users\larst\.jdks\adopt-openjdk-14.0.2\bin\api-ms-win-crt-utility-l1-1-0.dll
0x00007fffa1110000 - 0x00007fffa120a000 	C:\Users\larst\.jdks\adopt-openjdk-14.0.2\bin\ucrtbase.dll
0x00007fffba9b0000 - 0x00007fffbaa02000 	C:\Windows\System32\concrt140.dll
0x00007fffc0f50000 - 0x00007fffc0f6c000 	C:\Users\larst\.openjfx\cache\12.0.1\prism_sw.dll
0x00007fffc6d40000 - 0x00007fffc6d57000 	C:\WINDOWS\SYSTEM32\dhcpcsvc6.DLL
0x00007fffc80b0000 - 0x00007fffc80cd000 	C:\WINDOWS\SYSTEM32\dhcpcsvc.DLL
0x00007fffd2c20000 - 0x00007fffd2c38000 	C:\WINDOWS\SYSTEM32\CRYPTSP.dll
0x00007fffd18d0000 - 0x00007fffd1904000 	C:\WINDOWS\system32\rsaenh.dll
0x00007fffd2d40000 - 0x00007fffd2d6e000 	C:\WINDOWS\SYSTEM32\USERENV.dll
0x00007fffd2180000 - 0x00007fffd218c000 	C:\WINDOWS\SYSTEM32\CRYPTBASE.dll
0x00007fffba6a0000 - 0x00007fffba6b4000 	C:\Users\larst\.openjfx\cache\12.0.1\javafx_font.dll
0x00007fffd4270000 - 0x00007fffd439a000 	C:\WINDOWS\System32\ole32.dll
0x00007fffbfcd0000 - 0x00007fffbff4f000 	C:\WINDOWS\SYSTEM32\dwrite.dll
0x00007fffcfbd0000 - 0x00007fffcfc6e000 	C:\WINDOWS\system32\uxtheme.dll
0x00007fffba680000 - 0x00007fffba698000 	C:\Users\larst\.openjfx\cache\12.0.1\decora_sse.dll
0x00007fffd4840000 - 0x00007fffd48e9000 	C:\WINDOWS\System32\clbcatq.dll

dbghelp: loaded successfully - version: 4.0.5 - missing functions: none
symbol engine: initialized successfully - sym options: 0x614 - pdb path: .;C:\Users\larst\.jdks\adopt-openjdk-14.0.2\bin;C:\WINDOWS\SYSTEM32;C:\WINDOWS\WinSxS\amd64_microsoft.windows.common-controls_6595b64144ccf1df_6.0.19041.488_none_ca04af081b815d21;C:\Users\larst\.jdks\adopt-openjdk-14.0.2\bin\server;C:\Users\larst\.openjfx\cache\12.0.1

VM Arguments:
jvm_args: -javaagent:C:\\Users\\larst\\.m2\\repository\\org\\jacoco\\org.jacoco.agent\\0.8.5\\org.jacoco.agent-0.8.5-runtime.jar=destfile=C:\\Users\\larst\\Documents\\IT1901\\gr2010\\gazelleFX\\target\\jacoco.exec -Djava.awt.headless=true -Dtestfx.robot=glass -Dtestfx.headless=true -Dprism.order=sw 
java_command: C:\Users\larst\AppData\Local\Temp\surefire11634850618553262678\surefirebooter11027158699442862967.jar C:\Users\larst\AppData\Local\Temp\surefire11634850618553262678 2020-11-19T23-25-35_348-jvmRun1 surefire2418844825187007236tmp surefire_211279706534520064580tmp
java_class_path (initial): C:\Users\larst\AppData\Local\Temp\surefire11634850618553262678\surefirebooter11027158699442862967.jar
Launcher Type: SUN_STANDARD

[Global flags]
     intx CICompilerCount                          = 3                                         {product} {ergonomic}
     uint ConcGCThreads                            = 1                                         {product} {ergonomic}
     uint G1ConcRefinementThreads                  = 4                                         {product} {ergonomic}
   size_t G1HeapRegionSize                         = 1048576                                   {product} {ergonomic}
    uintx GCDrainStackTargetSize                   = 64                                        {product} {ergonomic}
   size_t InitialHeapSize                          = 134217728                                 {product} {ergonomic}
   size_t MarkStackSize                            = 4194304                                   {product} {ergonomic}
   size_t MaxHeapSize                              = 2128609280                                {product} {ergonomic}
   size_t MaxNewSize                               = 1277165568                                {product} {ergonomic}
   size_t MinHeapDeltaBytes                        = 1048576                                   {product} {ergonomic}
   size_t MinHeapSize                              = 8388608                                   {product} {ergonomic}
    uintx NonNMethodCodeHeapSize                   = 5832780                                {pd product} {ergonomic}
    uintx NonProfiledCodeHeapSize                  = 122912730                              {pd product} {ergonomic}
    uintx ProfiledCodeHeapSize                     = 122912730                              {pd product} {ergonomic}
    uintx ReservedCodeCacheSize                    = 251658240                              {pd product} {ergonomic}
     bool SegmentedCodeCache                       = true                                      {product} {ergonomic}
   size_t SoftMaxHeapSize                          = 2128609280                             {manageable} {ergonomic}
     bool UseCompressedClassPointers               = true                                 {lp64_product} {ergonomic}
     bool UseCompressedOops                        = true                                 {lp64_product} {ergonomic}
     bool UseG1GC                                  = true                                      {product} {ergonomic}
     bool UseLargePagesIndividualAllocation        = false                                  {pd product} {ergonomic}

Logging:
Log output configuration:
 #0: stdout all=warning uptime,level,tags
 #1: stderr all=off uptime,level,tags

Environment Variables:
JAVA_HOME=C:/Users/larst/.jdks/adopt-openjdk-14.0.2
PATH=C:\Users\larst\bin;C:\Program Files\Git\mingw64\bin;C:\Program Files\Git\usr\local\bin;C:\Program Files\Git\usr\bin;C:\Program Files\Git\usr\bin;C:\Program Files\Git\mingw64\bin;C:\Program Files\Git\usr\bin;C:\Users\larst\bin;C:\Program Files\AdoptOpenJDK\jdk-13.0.1.9-openj9\bin;C:\Program Files (x86)\Common Files\Intel\Shared Libraries\redist\intel64\compiler;C:\Program Files (x86)\Razer Chroma SDK\bin;C:\Program Files\Razer Chroma SDK\bin;C:\WINDOWS\system32;C:\WINDOWS;C:\WINDOWS\System32\Wbem;C:\WINDOWS\System32\WindowsPowerShell\v1.0;C:\Program Files (x86)\GtkSharp\2.12\bin;C:\WINDOWS\system32\config\systemprofile\AppData\Local\Microsoft\WindowsApps;C:\WINDOWS\system32;C:\WINDOWS;C:\WINDOWS\System32\Wbem;C:\WINDOWS\System32\WindowsPowerShell\v1.0;C:\WINDOWS\System32\OpenSSH;C:\Program Files\Microsoft VS Code\bin;C:\Strawberry\c\bin;C:\Strawberry\perl\site\bin;C:\Strawberry\perl\bin;C:\Program Files\Git\cmd;C:\Program Files\nodejs;C:\Program Files (x86)\Common Files\Intel\Shared Libraries\redist\intel64\compiler;C:\Program Files (x86)\Razer Chroma SDK\bin;C:\Program Files\Razer Chroma SDK\bin;C:\WINDOWS\system32;C:\WINDOWS;C:\WINDOWS\System32\Wbem;C:\WINDOWS\System32\WindowsPowerShell\v1.0;C:\Program Files (x86)\GtkSharp\2.12\bin;C:\Program Files (x86)\Skype\Phone;C:\WINDOWS\system32\config\systemprofile\AppData\Local\Microsoft\WindowsApps;C:\Program Files\Git\cmd;C:\WINDOWS\System32\OpenSSH;C:\Program Files\Microsoft VS Code\bin;C:\Users\larst\AppData\Roaming\Microsoft\Windows\Start Menu\Programs\Python 3.7;C:\Users\larst\AppData\Local\Microsoft\WindowsApps;C:\Users\larst\AppData\Local\Programs\MiKTeX 2.9\miktex\bin\x64;C:\Users\larst\AppData\Local\atom\bin;C:\Users\larst\AppData\Local\Programs\Julia 1.5.0\bin;C:\Users\larst\AppData\Roaming\npm;%USERPROFILE%\AppData\Local\Microsoft\WindowsApps;C:\Program Files\Git\usr\bin\vendor_perl;C:\Program Files\Git\usr\bin\core_perl;C:\Program Files\JetBrains\IntelliJ IDEA Community Edition 2020.2.1\plugins\maven\lib\mav
USERNAME=larst
SHELL=C:\Program Files\Git\usr\bin\bash.exe
DISPLAY=needs-to-be-defined
OS=Windows_NT
PROCESSOR_IDENTIFIER=Intel64 Family 6 Model 78 Stepping 3, GenuineIntel



---------------  S Y S T E M  ---------------

OS: Windows 10 , 64 bit Build 19041 (10.0.19041.546)
OS uptime: 4 days 4:37 hours

CPU:total 4 (initial active 4) (2 cores per cpu, 2 threads per core) family 6 model 78 stepping 3, cmov, cx8, fxsr, mmx, sse, sse2, sse3, ssse3, sse4.1, sse4.2, popcnt, avx, avx2, aes, clmul, erms, rtm, 3dnowpref, lzcnt, ht, tsc, tscinvbit, bmi1, bmi2, adx, fma

Memory: 4k page, system-wide physical 8113M (1678M free)
TotalPageFile size 18691M (AvailPageFile size 5382M)
current process WorkingSet (physical memory assigned to process): 310M, peak: 332M
current process commit charge ("private bytes"): 337M, peak: 360M

vm_info: OpenJDK 64-Bit Server VM (14.0.2+12) for windows-amd64 JRE (14.0.2+12), built on Jul 15 2020 11:30:16 by "" with MS VC++ 15.9 (VS2017)

END.
